end of epoch: 1 avg total cost: 1.213
test: micro f1 rumor:0.467 macro f1 rumor:0.212 accuracy rumor: 0.467
test: micro f1 stance:0.657 macro f1 stance:0.198 accuracy stance: 0.657
end of epoch: 2 avg total cost: 1.115
test: micro f1 rumor:0.440 macro f1 rumor:0.221 accuracy rumor: 0.440
test: micro f1 stance:0.647 macro f1 stance:0.196 accuracy stance: 0.647
end of epoch: 3 avg total cost: 0.919
test: micro f1 rumor:0.533 macro f1 rumor:0.358 accuracy rumor: 0.533
test: micro f1 stance:0.524 macro f1 stance:0.213 accuracy stance: 0.524
end of epoch: 4 avg total cost: 0.756
test: micro f1 rumor:0.707 macro f1 rumor:0.559 accuracy rumor: 0.707
test: micro f1 stance:0.631 macro f1 stance:0.220 accuracy stance: 0.631
end of epoch: 5 avg total cost: 0.623
test: micro f1 rumor:0.587 macro f1 rumor:0.468 accuracy rumor: 0.587
test: micro f1 stance:0.622 macro f1 stance:0.197 accuracy stance: 0.622
end of epoch: 6 avg total cost: 0.566
test: micro f1 rumor:0.507 macro f1 rumor:0.477 accuracy rumor: 0.507
test: micro f1 stance:0.559 macro f1 stance:0.216 accuracy stance: 0.559
end of epoch: 7 avg total cost: 0.543
test: micro f1 rumor:0.653 macro f1 rumor:0.471 accuracy rumor: 0.653
test: micro f1 stance:0.649 macro f1 stance:0.207 accuracy stance: 0.649
end of epoch: 8 avg total cost: 0.481
test: micro f1 rumor:0.693 macro f1 rumor:0.586 accuracy rumor: 0.693
test: micro f1 stance:0.614 macro f1 stance:0.226 accuracy stance: 0.614
end of epoch: 9 avg total cost: 0.467
test: micro f1 rumor:0.707 macro f1 rumor:0.557 accuracy rumor: 0.707
test: micro f1 stance:0.621 macro f1 stance:0.210 accuracy stance: 0.621
end of epoch: 10 avg total cost: 0.326
test: micro f1 rumor:0.707 macro f1 rumor:0.604 accuracy rumor: 0.707
test: micro f1 stance:0.599 macro f1 stance:0.201 accuracy stance: 0.599
end of epoch: 11 avg total cost: 0.275
test: micro f1 rumor:0.707 macro f1 rumor:0.508 accuracy rumor: 0.707
test: micro f1 stance:0.652 macro f1 stance:0.203 accuracy stance: 0.652
end of epoch: 12 avg total cost: 0.266
test: micro f1 rumor:0.640 macro f1 rumor:0.546 accuracy rumor: 0.640
test: micro f1 stance:0.636 macro f1 stance:0.207 accuracy stance: 0.636
end of epoch: 13 avg total cost: 0.247
test: micro f1 rumor:0.627 macro f1 rumor:0.534 accuracy rumor: 0.627
test: micro f1 stance:0.635 macro f1 stance:0.199 accuracy stance: 0.635
end of epoch: 14 avg total cost: 0.227
test: micro f1 rumor:0.587 macro f1 rumor:0.500 accuracy rumor: 0.587
test: micro f1 stance:0.617 macro f1 stance:0.202 accuracy stance: 0.617
end of epoch: 15 avg total cost: 0.220
test: micro f1 rumor:0.587 macro f1 rumor:0.516 accuracy rumor: 0.587
test: micro f1 stance:0.633 macro f1 stance:0.194 accuracy stance: 0.633
end of epoch: 16 avg total cost: 0.205
test: micro f1 rumor:0.560 macro f1 rumor:0.449 accuracy rumor: 0.560
test: micro f1 stance:0.634 macro f1 stance:0.194 accuracy stance: 0.634
end of epoch: 17 avg total cost: 0.196
test: micro f1 rumor:0.600 macro f1 rumor:0.480 accuracy rumor: 0.600
test: micro f1 stance:0.640 macro f1 stance:0.197 accuracy stance: 0.640
end of epoch: 18 avg total cost: 0.192
test: micro f1 rumor:0.627 macro f1 rumor:0.497 accuracy rumor: 0.627
test: micro f1 stance:0.638 macro f1 stance:0.195 accuracy stance: 0.638
end of epoch: 19 avg total cost: 0.184
test: micro f1 rumor:0.613 macro f1 rumor:0.525 accuracy rumor: 0.613
test: micro f1 stance:0.656 macro f1 stance:0.198 accuracy stance: 0.656
end of epoch: 20 avg total cost: 0.180
test: micro f1 rumor:0.613 macro f1 rumor:0.486 accuracy rumor: 0.613
test: micro f1 stance:0.646 macro f1 stance:0.196 accuracy stance: 0.646
end of epoch: 21 avg total cost: 0.173
test: micro f1 rumor:0.653 macro f1 rumor:0.518 accuracy rumor: 0.653
test: micro f1 stance:0.647 macro f1 stance:0.196 accuracy stance: 0.647
end of epoch: 22 avg total cost: 0.171
test: micro f1 rumor:0.560 macro f1 rumor:0.449 accuracy rumor: 0.560
test: micro f1 stance:0.641 macro f1 stance:0.195 accuracy stance: 0.641
end of epoch: 23 avg total cost: 0.165
test: micro f1 rumor:0.693 macro f1 rumor:0.587 accuracy rumor: 0.693
test: micro f1 stance:0.653 macro f1 stance:0.198 accuracy stance: 0.653
end of epoch: 24 avg total cost: 0.275
test: micro f1 rumor:0.587 macro f1 rumor:0.581 accuracy rumor: 0.587
test: micro f1 stance:0.626 macro f1 stance:0.205 accuracy stance: 0.626
end of epoch: 25 avg total cost: 0.203
test: micro f1 rumor:0.653 macro f1 rumor:0.583 accuracy rumor: 0.653
test: micro f1 stance:0.649 macro f1 stance:0.197 accuracy stance: 0.649
end of epoch: 26 avg total cost: 0.244
test: micro f1 rumor:0.613 macro f1 rumor:0.574 accuracy rumor: 0.613
test: micro f1 stance:0.658 macro f1 stance:0.198 accuracy stance: 0.658
end of epoch: 27 avg total cost: 0.256
test: micro f1 rumor:0.533 macro f1 rumor:0.485 accuracy rumor: 0.533
test: micro f1 stance:0.641 macro f1 stance:0.195 accuracy stance: 0.641
end of epoch: 28 avg total cost: 0.183
test: micro f1 rumor:0.520 macro f1 rumor:0.476 accuracy rumor: 0.520
test: micro f1 stance:0.648 macro f1 stance:0.197 accuracy stance: 0.648
end of epoch: 29 avg total cost: 0.170
test: micro f1 rumor:0.560 macro f1 rumor:0.485 accuracy rumor: 0.560
test: micro f1 stance:0.656 macro f1 stance:0.198 accuracy stance: 0.656
end of epoch: 30 avg total cost: 0.161
test: micro f1 rumor:0.653 macro f1 rumor:0.608 accuracy rumor: 0.653
test: micro f1 stance:0.636 macro f1 stance:0.194 accuracy stance: 0.636
end of epoch: 31 avg total cost: 0.158
test: micro f1 rumor:0.533 macro f1 rumor:0.456 accuracy rumor: 0.533
test: micro f1 stance:0.658 macro f1 stance:0.198 accuracy stance: 0.658
end of epoch: 32 avg total cost: 0.154
test: micro f1 rumor:0.613 macro f1 rumor:0.556 accuracy rumor: 0.613
test: micro f1 stance:0.642 macro f1 stance:0.196 accuracy stance: 0.642
end of epoch: 33 avg total cost: 0.150
test: micro f1 rumor:0.627 macro f1 rumor:0.567 accuracy rumor: 0.627
test: micro f1 stance:0.646 macro f1 stance:0.196 accuracy stance: 0.646
end of epoch: 34 avg total cost: 0.146
test: micro f1 rumor:0.600 macro f1 rumor:0.527 accuracy rumor: 0.600
test: micro f1 stance:0.654 macro f1 stance:0.198 accuracy stance: 0.654
end of epoch: 35 avg total cost: 0.147
test: micro f1 rumor:0.613 macro f1 rumor:0.548 accuracy rumor: 0.613
test: micro f1 stance:0.629 macro f1 stance:0.193 accuracy stance: 0.629
end of epoch: 36 avg total cost: 0.143
test: micro f1 rumor:0.640 macro f1 rumor:0.579 accuracy rumor: 0.640
test: micro f1 stance:0.663 macro f1 stance:0.199 accuracy stance: 0.663
end of epoch: 37 avg total cost: 0.144
test: micro f1 rumor:0.600 macro f1 rumor:0.541 accuracy rumor: 0.600
test: micro f1 stance:0.643 macro f1 stance:0.196 accuracy stance: 0.643
end of epoch: 38 avg total cost: 0.138
test: micro f1 rumor:0.640 macro f1 rumor:0.578 accuracy rumor: 0.640
test: micro f1 stance:0.646 macro f1 stance:0.196 accuracy stance: 0.646
end of epoch: 39 avg total cost: 0.140
test: micro f1 rumor:0.640 macro f1 rumor:0.559 accuracy rumor: 0.640
test: micro f1 stance:0.665 macro f1 stance:0.200 accuracy stance: 0.665
end of epoch: 40 avg total cost: 0.138
test: micro f1 rumor:0.667 macro f1 rumor:0.605 accuracy rumor: 0.667
test: micro f1 stance:0.641 macro f1 stance:0.195 accuracy stance: 0.641
end of epoch: 41 avg total cost: 0.137
test: micro f1 rumor:0.627 macro f1 rumor:0.550 accuracy rumor: 0.627
test: micro f1 stance:0.639 macro f1 stance:0.195 accuracy stance: 0.639
end of epoch: 42 avg total cost: 0.136
test: micro f1 rumor:0.627 macro f1 rumor:0.565 accuracy rumor: 0.627
test: micro f1 stance:0.659 macro f1 stance:0.199 accuracy stance: 0.659
end of epoch: 43 avg total cost: 0.137
test: micro f1 rumor:0.627 macro f1 rumor:0.584 accuracy rumor: 0.627
test: micro f1 stance:0.660 macro f1 stance:0.199 accuracy stance: 0.660
end of epoch: 44 avg total cost: 0.135
test: micro f1 rumor:0.653 macro f1 rumor:0.571 accuracy rumor: 0.653
test: micro f1 stance:0.636 macro f1 stance:0.194 accuracy stance: 0.636
end of epoch: 45 avg total cost: 0.132
test: micro f1 rumor:0.613 macro f1 rumor:0.555 accuracy rumor: 0.613
test: micro f1 stance:0.646 macro f1 stance:0.196 accuracy stance: 0.646
end of epoch: 46 avg total cost: 0.136
test: micro f1 rumor:0.667 macro f1 rumor:0.615 accuracy rumor: 0.667
test: micro f1 stance:0.644 macro f1 stance:0.196 accuracy stance: 0.644
end of epoch: 47 avg total cost: 0.129
test: micro f1 rumor:0.600 macro f1 rumor:0.511 accuracy rumor: 0.600
test: micro f1 stance:0.650 macro f1 stance:0.197 accuracy stance: 0.650
end of epoch: 48 avg total cost: 0.132
test: micro f1 rumor:0.613 macro f1 rumor:0.556 accuracy rumor: 0.613
test: micro f1 stance:0.655 macro f1 stance:0.198 accuracy stance: 0.655
end of epoch: 49 avg total cost: 0.131
test: micro f1 rumor:0.600 macro f1 rumor:0.556 accuracy rumor: 0.600
test: micro f1 stance:0.652 macro f1 stance:0.197 accuracy stance: 0.652
end of epoch: 50 avg total cost: 0.129
test: micro f1 rumor:0.600 macro f1 rumor:0.504 accuracy rumor: 0.600
test: micro f1 stance:0.635 macro f1 stance:0.194 accuracy stance: 0.635
final test: micro f1 rumor:0.707 macro f1 rumor:0.604 accuracy rumor: 0.707
final test: micro f1 stance:0.635 macro f1 stance:0.197 accuracy stance: 0.635
classification report best micro rumor
{
  "macro avg": {
    "recall": 0.6046296296296296,
    "support": 75,
    "precision": 0.6499202551834131,
    "f1-score": 0.6038402997307107
  },
  "1": {
    "recall": 0.675,
    "support": 40,
    "precision": 0.8181818181818182,
    "f1-score": 0.7397260273972603
  },
  "micro avg": {
    "recall": 0.7066666666666667,
    "support": 75,
    "precision": 0.7066666666666667,
    "f1-score": 0.7066666666666667
  },
  "0": {
    "recall": 0.25,
    "support": 8,
    "precision": 0.5,
    "f1-score": 0.3333333333333333
  },
  "weighted avg": {
    "recall": 0.7066666666666667,
    "support": 75,
    "precision": 0.7170653907496012,
    "f1-score": 0.6959222573469149
  },
  "2": {
    "recall": 0.8888888888888888,
    "support": 27,
    "precision": 0.631578947368421,
    "f1-score": 0.7384615384615385
  }
}
classification report best macro rumor
{
  "macro avg": {
    "recall": 0.6046296296296296,
    "support": 75,
    "precision": 0.6499202551834131,
    "f1-score": 0.6038402997307107
  },
  "1": {
    "recall": 0.675,
    "support": 40,
    "precision": 0.8181818181818182,
    "f1-score": 0.7397260273972603
  },
  "micro avg": {
    "recall": 0.7066666666666667,
    "support": 75,
    "precision": 0.7066666666666667,
    "f1-score": 0.7066666666666667
  },
  "0": {
    "recall": 0.25,
    "support": 8,
    "precision": 0.5,
    "f1-score": 0.3333333333333333
  },
  "weighted avg": {
    "recall": 0.7066666666666667,
    "support": 75,
    "precision": 0.7170653907496012,
    "f1-score": 0.6959222573469149
  },
  "2": {
    "recall": 0.8888888888888888,
    "support": 27,
    "precision": 0.631578947368421,
    "f1-score": 0.7384615384615385
  }
}
classification report best micro stance
{
  "3": {
    "recall": 0.0,
    "support": 131,
    "precision": 0.0,
    "f1-score": 0.0
  },
  "macro avg": {
    "recall": 0.25,
    "support": 1278,
    "precision": 0.15884194053208137,
    "f1-score": 0.19425837320574163
  },
  "1": {
    "recall": 0.0,
    "support": 99,
    "precision": 0.0,
    "f1-score": 0.0
  },
  "micro avg": {
    "recall": 0.6353677621283255,
    "support": 1278,
    "precision": 0.6353677621283255,
    "f1-score": 0.6353677621283255
  },
  "0": {
    "recall": 0.0,
    "support": 236,
    "precision": 0.0,
    "f1-score": 0.0
  },
  "weighted avg": {
    "recall": 0.6353677621283255,
    "support": 1278,
    "precision": 0.40369219315195637,
    "f1-score": 0.4937020314336845
  },
  "2": {
    "recall": 1.0,
    "support": 812,
    "precision": 0.6353677621283255,
    "f1-score": 0.7770334928229665
  }
}
classification report best macro stance
{
  "3": {
    "recall": 0.012903225806451613,
    "support": 155,
    "precision": 0.038461538461538464,
    "f1-score": 0.01932367149758454
  },
  "macro avg": {
    "recall": 0.24098423953104708,
    "support": 1408,
    "precision": 0.17146723646723647,
    "f1-score": 0.19742677508021367
  },
  "1": {
    "recall": 0.0,
    "support": 87,
    "precision": 0.0,
    "f1-score": 0.0
  },
  "micro avg": {
    "recall": 0.6221590909090909,
    "support": 1408,
    "precision": 0.6221590909090909,
    "f1-score": 0.6221590909090909
  },
  "0": {
    "recall": 0.0,
    "support": 247,
    "precision": 0.0,
    "f1-score": 0.0
  },
  "weighted avg": {
    "recall": 0.6221590909090909,
    "support": 1408,
    "precision": 0.42679612632737635,
    "f1-score": 0.504955639325789
  },
  "2": {
    "recall": 0.9510337323177367,
    "support": 919,
    "precision": 0.6474074074074074,
    "f1-score": 0.7703834288232702
  }
}
