end of epoch: 1 avg total cost: 10.332
test: micro f1 rumor:0.427 macro f1 rumor:0.199 accuracy rumor: 0.427
test: micro f1 stance:0.643 macro f1 stance:0.201 accuracy stance: 0.643
end of epoch: 2 avg total cost: 5.179
test: micro f1 rumor:0.507 macro f1 rumor:0.224 accuracy rumor: 0.507
test: micro f1 stance:0.662 macro f1 stance:0.201 accuracy stance: 0.662
end of epoch: 3 avg total cost: 1.841
test: micro f1 rumor:0.693 macro f1 rumor:0.592 accuracy rumor: 0.693
test: micro f1 stance:0.631 macro f1 stance:0.203 accuracy stance: 0.631
end of epoch: 4 avg total cost: -1.661
test: micro f1 rumor:0.640 macro f1 rumor:0.564 accuracy rumor: 0.640
test: micro f1 stance:0.614 macro f1 stance:0.202 accuracy stance: 0.614
end of epoch: 5 avg total cost: -7.820
test: micro f1 rumor:0.693 macro f1 rumor:0.549 accuracy rumor: 0.693
test: micro f1 stance:0.643 macro f1 stance:0.196 accuracy stance: 0.643
end of epoch: 6 avg total cost: -17.218
test: micro f1 rumor:0.653 macro f1 rumor:0.595 accuracy rumor: 0.653
test: micro f1 stance:0.662 macro f1 stance:0.199 accuracy stance: 0.662
end of epoch: 7 avg total cost: -32.339
test: micro f1 rumor:0.653 macro f1 rumor:0.606 accuracy rumor: 0.653
test: micro f1 stance:0.637 macro f1 stance:0.195 accuracy stance: 0.637
end of epoch: 8 avg total cost: -60.587
test: micro f1 rumor:0.733 macro f1 rumor:0.657 accuracy rumor: 0.733
test: micro f1 stance:0.651 macro f1 stance:0.197 accuracy stance: 0.651
end of epoch: 9 avg total cost: -102.868
test: micro f1 rumor:0.707 macro f1 rumor:0.620 accuracy rumor: 0.707
test: micro f1 stance:0.649 macro f1 stance:0.197 accuracy stance: 0.649
end of epoch: 10 avg total cost: -170.572
test: micro f1 rumor:0.707 macro f1 rumor:0.634 accuracy rumor: 0.707
test: micro f1 stance:0.645 macro f1 stance:0.196 accuracy stance: 0.645
end of epoch: 11 avg total cost: -278.906
test: micro f1 rumor:0.653 macro f1 rumor:0.577 accuracy rumor: 0.653
test: micro f1 stance:0.655 macro f1 stance:0.198 accuracy stance: 0.655
end of epoch: 12 avg total cost: -440.402
test: micro f1 rumor:0.693 macro f1 rumor:0.608 accuracy rumor: 0.693
test: micro f1 stance:0.647 macro f1 stance:0.196 accuracy stance: 0.647
end of epoch: 13 avg total cost: -643.947
test: micro f1 rumor:0.680 macro f1 rumor:0.580 accuracy rumor: 0.680
test: micro f1 stance:0.675 macro f1 stance:0.223 accuracy stance: 0.675
end of epoch: 14 avg total cost: -971.686
test: micro f1 rumor:0.680 macro f1 rumor:0.540 accuracy rumor: 0.680
test: micro f1 stance:0.627 macro f1 stance:0.220 accuracy stance: 0.627
end of epoch: 15 avg total cost: -1376.321
test: micro f1 rumor:0.720 macro f1 rumor:0.611 accuracy rumor: 0.720
test: micro f1 stance:0.663 macro f1 stance:0.224 accuracy stance: 0.663
end of epoch: 16 avg total cost: -1900.102
test: micro f1 rumor:0.693 macro f1 rumor:0.584 accuracy rumor: 0.693
test: micro f1 stance:0.646 macro f1 stance:0.196 accuracy stance: 0.646
end of epoch: 17 avg total cost: -2563.596
test: micro f1 rumor:0.733 macro f1 rumor:0.609 accuracy rumor: 0.733
test: micro f1 stance:0.648 macro f1 stance:0.197 accuracy stance: 0.648
end of epoch: 18 avg total cost: -3389.786
test: micro f1 rumor:0.667 macro f1 rumor:0.620 accuracy rumor: 0.667
test: micro f1 stance:0.641 macro f1 stance:0.195 accuracy stance: 0.641
end of epoch: 19 avg total cost: -4417.408
test: micro f1 rumor:0.707 macro f1 rumor:0.681 accuracy rumor: 0.707
test: micro f1 stance:0.647 macro f1 stance:0.198 accuracy stance: 0.647
end of epoch: 20 avg total cost: -5502.161
test: micro f1 rumor:0.653 macro f1 rumor:0.604 accuracy rumor: 0.653
test: micro f1 stance:0.655 macro f1 stance:0.198 accuracy stance: 0.655
end of epoch: 21 avg total cost: -7110.461
test: micro f1 rumor:0.680 macro f1 rumor:0.636 accuracy rumor: 0.680
test: micro f1 stance:0.650 macro f1 stance:0.197 accuracy stance: 0.650
end of epoch: 22 avg total cost: -8957.442
test: micro f1 rumor:0.667 macro f1 rumor:0.602 accuracy rumor: 0.667
test: micro f1 stance:0.666 macro f1 stance:0.229 accuracy stance: 0.666
end of epoch: 23 avg total cost: -10943.941
test: micro f1 rumor:0.667 macro f1 rumor:0.634 accuracy rumor: 0.667
test: micro f1 stance:0.659 macro f1 stance:0.287 accuracy stance: 0.659
end of epoch: 24 avg total cost: -13021.106
test: micro f1 rumor:0.733 macro f1 rumor:0.673 accuracy rumor: 0.733
test: micro f1 stance:0.638 macro f1 stance:0.195 accuracy stance: 0.638
end of epoch: 25 avg total cost: -15743.298
test: micro f1 rumor:0.693 macro f1 rumor:0.640 accuracy rumor: 0.693
test: micro f1 stance:0.654 macro f1 stance:0.198 accuracy stance: 0.654
end of epoch: 26 avg total cost: -19065.504
test: micro f1 rumor:0.773 macro f1 rumor:0.701 accuracy rumor: 0.773
test: micro f1 stance:0.642 macro f1 stance:0.227 accuracy stance: 0.642
end of epoch: 27 avg total cost: -22380.072
test: micro f1 rumor:0.707 macro f1 rumor:0.619 accuracy rumor: 0.707
test: micro f1 stance:0.661 macro f1 stance:0.201 accuracy stance: 0.661
end of epoch: 28 avg total cost: -26887.138
test: micro f1 rumor:0.680 macro f1 rumor:0.591 accuracy rumor: 0.680
test: micro f1 stance:0.652 macro f1 stance:0.203 accuracy stance: 0.652
end of epoch: 29 avg total cost: -30589.140
test: micro f1 rumor:0.653 macro f1 rumor:0.592 accuracy rumor: 0.653
test: micro f1 stance:0.639 macro f1 stance:0.201 accuracy stance: 0.639
end of epoch: 30 avg total cost: -36658.397
test: micro f1 rumor:0.680 macro f1 rumor:0.600 accuracy rumor: 0.680
test: micro f1 stance:0.663 macro f1 stance:0.206 accuracy stance: 0.663
end of epoch: 31 avg total cost: -40881.801
test: micro f1 rumor:0.613 macro f1 rumor:0.583 accuracy rumor: 0.613
test: micro f1 stance:0.652 macro f1 stance:0.197 accuracy stance: 0.652
end of epoch: 32 avg total cost: -46811.061
test: micro f1 rumor:0.533 macro f1 rumor:0.514 accuracy rumor: 0.533
test: micro f1 stance:0.648 macro f1 stance:0.203 accuracy stance: 0.648
end of epoch: 33 avg total cost: -53552.560
test: micro f1 rumor:0.573 macro f1 rumor:0.543 accuracy rumor: 0.573
test: micro f1 stance:0.655 macro f1 stance:0.212 accuracy stance: 0.655
end of epoch: 34 avg total cost: -60254.022
test: micro f1 rumor:0.533 macro f1 rumor:0.528 accuracy rumor: 0.533
test: micro f1 stance:0.635 macro f1 stance:0.194 accuracy stance: 0.635
end of epoch: 35 avg total cost: -70815.252
test: micro f1 rumor:0.560 macro f1 rumor:0.521 accuracy rumor: 0.560
test: micro f1 stance:0.654 macro f1 stance:0.198 accuracy stance: 0.654
end of epoch: 36 avg total cost: -78730.920
test: micro f1 rumor:0.533 macro f1 rumor:0.490 accuracy rumor: 0.533
test: micro f1 stance:0.673 macro f1 stance:0.262 accuracy stance: 0.673
end of epoch: 37 avg total cost: -88136.207
test: micro f1 rumor:0.533 macro f1 rumor:0.491 accuracy rumor: 0.533
test: micro f1 stance:0.602 macro f1 stance:0.281 accuracy stance: 0.602
end of epoch: 38 avg total cost: -97940.157
test: micro f1 rumor:0.587 macro f1 rumor:0.558 accuracy rumor: 0.587
test: micro f1 stance:0.668 macro f1 stance:0.276 accuracy stance: 0.668
end of epoch: 39 avg total cost: -111154.490
test: micro f1 rumor:0.573 macro f1 rumor:0.530 accuracy rumor: 0.573
test: micro f1 stance:0.274 macro f1 stance:0.150 accuracy stance: 0.274
end of epoch: 40 avg total cost: -123745.146
test: micro f1 rumor:0.573 macro f1 rumor:0.517 accuracy rumor: 0.573
test: micro f1 stance:0.660 macro f1 stance:0.232 accuracy stance: 0.660
end of epoch: 41 avg total cost: -138561.826
test: micro f1 rumor:0.613 macro f1 rumor:0.562 accuracy rumor: 0.613
test: micro f1 stance:0.660 macro f1 stance:0.218 accuracy stance: 0.660
end of epoch: 42 avg total cost: -150055.235
test: micro f1 rumor:0.533 macro f1 rumor:0.471 accuracy rumor: 0.533
test: micro f1 stance:0.652 macro f1 stance:0.197 accuracy stance: 0.652
end of epoch: 43 avg total cost: -164077.929
test: micro f1 rumor:0.667 macro f1 rumor:0.614 accuracy rumor: 0.667
test: micro f1 stance:0.642 macro f1 stance:0.195 accuracy stance: 0.642
end of epoch: 44 avg total cost: -186148.327
test: micro f1 rumor:0.613 macro f1 rumor:0.551 accuracy rumor: 0.613
test: micro f1 stance:0.650 macro f1 stance:0.205 accuracy stance: 0.650
end of epoch: 45 avg total cost: -197830.973
test: micro f1 rumor:0.653 macro f1 rumor:0.589 accuracy rumor: 0.653
test: micro f1 stance:0.669 macro f1 stance:0.233 accuracy stance: 0.669
end of epoch: 46 avg total cost: -216843.116
test: micro f1 rumor:0.613 macro f1 rumor:0.556 accuracy rumor: 0.613
test: micro f1 stance:0.641 macro f1 stance:0.195 accuracy stance: 0.641
end of epoch: 47 avg total cost: -240313.636
test: micro f1 rumor:0.653 macro f1 rumor:0.587 accuracy rumor: 0.653
test: micro f1 stance:0.639 macro f1 stance:0.195 accuracy stance: 0.639
end of epoch: 48 avg total cost: -259216.267
test: micro f1 rumor:0.613 macro f1 rumor:0.538 accuracy rumor: 0.613
test: micro f1 stance:0.656 macro f1 stance:0.200 accuracy stance: 0.656
end of epoch: 49 avg total cost: -287023.377
test: micro f1 rumor:0.653 macro f1 rumor:0.589 accuracy rumor: 0.653
test: micro f1 stance:0.646 macro f1 stance:0.255 accuracy stance: 0.646
end of epoch: 50 avg total cost: -306622.961
test: micro f1 rumor:0.640 macro f1 rumor:0.575 accuracy rumor: 0.640
test: micro f1 stance:0.648 macro f1 stance:0.231 accuracy stance: 0.648
final test: micro f1 rumor:0.733 macro f1 rumor:0.657 accuracy rumor: 0.733
final test: micro f1 stance:0.668 macro f1 stance:0.287 accuracy stance: 0.668
classification report best micro rumor
{
  "weighted avg": {
    "support": 75,
    "precision": 0.7497258297258298,
    "f1-score": 0.7373378684807256,
    "recall": 0.7333333333333333
  },
  "0": {
    "support": 10,
    "precision": 0.36363636363636365,
    "f1-score": 0.380952380952381,
    "recall": 0.4
  },
  "1": {
    "support": 38,
    "precision": 0.7380952380952381,
    "f1-score": 0.775,
    "recall": 0.8157894736842105
  },
  "micro avg": {
    "support": 75,
    "precision": 0.7333333333333333,
    "f1-score": 0.7333333333333333,
    "recall": 0.7333333333333333
  },
  "macro avg": {
    "support": 75,
    "precision": 0.6702741702741704,
    "f1-score": 0.6574263038548753,
    "recall": 0.6521767381416504
  },
  "2": {
    "support": 27,
    "precision": 0.9090909090909091,
    "f1-score": 0.8163265306122449,
    "recall": 0.7407407407407407
  }
}
classification report best macro rumor
{
  "weighted avg": {
    "support": 75,
    "precision": 0.7497258297258298,
    "f1-score": 0.7373378684807256,
    "recall": 0.7333333333333333
  },
  "0": {
    "support": 10,
    "precision": 0.36363636363636365,
    "f1-score": 0.380952380952381,
    "recall": 0.4
  },
  "1": {
    "support": 38,
    "precision": 0.7380952380952381,
    "f1-score": 0.775,
    "recall": 0.8157894736842105
  },
  "micro avg": {
    "support": 75,
    "precision": 0.7333333333333333,
    "f1-score": 0.7333333333333333,
    "recall": 0.7333333333333333
  },
  "macro avg": {
    "support": 75,
    "precision": 0.6702741702741704,
    "f1-score": 0.6574263038548753,
    "recall": 0.6521767381416504
  },
  "2": {
    "support": 27,
    "precision": 0.9090909090909091,
    "f1-score": 0.8163265306122449,
    "recall": 0.7407407407407407
  }
}
classification report best micro stance
{
  "3": {
    "support": 135,
    "precision": 0.0,
    "f1-score": 0.0,
    "recall": 0.0
  },
  "0": {
    "support": 248,
    "precision": 0.7205882352941176,
    "f1-score": 0.310126582278481,
    "recall": 0.1975806451612903
  },
  "1": {
    "support": 98,
    "precision": 0.0,
    "f1-score": 0.0,
    "recall": 0.0
  },
  "micro avg": {
    "support": 1343,
    "precision": 0.6679076693968726,
    "f1-score": 0.6679076693968726,
    "recall": 0.6679076693968726
  },
  "weighted avg": {
    "support": 1343,
    "precision": 0.559955615902355,
    "f1-score": 0.5666608869399312,
    "recall": 0.6679076693968726
  },
  "macro avg": {
    "support": 1343,
    "precision": 0.346421568627451,
    "f1-score": 0.27594063012741155,
    "recall": 0.2953348364643365
  },
  "2": {
    "support": 862,
    "precision": 0.6650980392156862,
    "f1-score": 0.7936359382311652,
    "recall": 0.9837587006960556
  }
}
classification report best macro stance
{
  "3": {
    "support": 143,
    "precision": 0.0,
    "f1-score": 0.0,
    "recall": 0.0
  },
  "0": {
    "support": 228,
    "precision": 0.5087719298245614,
    "f1-score": 0.33918128654970764,
    "recall": 0.2543859649122807
  },
  "1": {
    "support": 95,
    "precision": 0.3333333333333333,
    "f1-score": 0.020408163265306124,
    "recall": 0.010526315789473684
  },
  "micro avg": {
    "support": 1330,
    "precision": 0.6593984962406015,
    "f1-score": 0.6593984962406015,
    "recall": 0.6593984962406015
  },
  "weighted avg": {
    "support": 1330,
    "precision": 0.5491087570533919,
    "f1-score": 0.5712954159838791,
    "recall": 0.6593984962406015
  },
  "macro avg": {
    "support": 1330,
    "precision": 0.37911658784223545,
    "f1-score": 0.2868159950969889,
    "recall": 0.3029178849902534
  },
  "2": {
    "support": 864,
    "precision": 0.674361088211047,
    "f1-score": 0.7876745305729418,
    "recall": 0.9467592592592593
  }
}
